<?xml version="1.0" encoding="UTF-8"?>
<!-- Generated by org.testng.reporters.JUnitXMLReporter -->
<testsuite hostname="USER-PC" ignored="0" name="Different TestNG feature Test" tests="17" failures="0" timestamp="23 May 2018 05:34:25 GMT" time="0.658" errors="0">
  <testcase name="googleLogoTest" time="0.062" classname="com.test.TestNGBasics"/>
  <testcase name="googleTitleTest" time="0.0" classname="com.test.TestNGBasics"/>
  <testcase name="searchTest" time="0.015" classname="com.test.TestNGBasics"/>
  <testcase name="loginTest" time="0.0" classname="com.test.TestNGFeatures"/>
  <testcase name="HomePageTest" time="0.0" classname="com.test.TestNGFeatures"/>
  <testcase name="RegPageTest" time="0.016" classname="com.test.TestNGFeatures"/>
  <testcase name="SearchPageTest" time="0.0" classname="com.test.TestNGFeatures"/>
  <testcase name="sum" time="0.0" classname="com.test.InvocationCountTest"/>
  <testcase name="sum" time="0.0" classname="com.test.InvocationCountTest"/>
  <testcase name="sum" time="0.0" classname="com.test.InvocationCountTest"/>
  <testcase name="sum" time="0.0" classname="com.test.InvocationCountTest"/>
  <testcase name="sum" time="0.0" classname="com.test.InvocationCountTest"/>
  <testcase name="sum" time="0.0" classname="com.test.InvocationCountTest"/>
  <testcase name="sum" time="0.0" classname="com.test.InvocationCountTest"/>
  <testcase name="sum" time="0.0" classname="com.test.InvocationCountTest"/>
  <testcase name="sum" time="0.0" classname="com.test.InvocationCountTest"/>
  <testcase name="sum" time="0.0" classname="com.test.InvocationCountTest"/>
</testsuite> <!-- Different TestNG feature Test -->
