<?xml version="1.0" encoding="UTF-8"?>
<testng-results skipped="0" failed="0" ignored="0" total="17" passed="17">
  <reporter-output>
  </reporter-output>
  <suite name="TestNG Session Test Automation Suite" duration-ms="658" started-at="2018-05-23T05:34:24Z" finished-at="2018-05-23T05:34:24Z">
    <groups>
    </groups>
    <test name="Different TestNG feature Test" duration-ms="658" started-at="2018-05-23T05:34:24Z" finished-at="2018-05-23T05:34:24Z">
      <class name="com.test.TestNGBasics">
        <test-method status="PASS" signature="setUp()[pri:0, instance:com.test.TestNGBasics@16e852b]" name="setUp" is-config="true" duration-ms="204" started-at="2018-05-23T05:34:23Z" finished-at="2018-05-23T05:34:24Z">
          <reporter-output>
          </reporter-output>
        </test-method> <!-- setUp -->
        <test-method status="PASS" signature="launchBrowser()[pri:0, instance:com.test.TestNGBasics@16e852b]" name="launchBrowser" is-config="true" duration-ms="1" started-at="2018-05-23T05:34:24Z" finished-at="2018-05-23T05:34:24Z">
          <reporter-output>
          </reporter-output>
        </test-method> <!-- launchBrowser -->
        <test-method status="PASS" signature="login()[pri:0, instance:com.test.TestNGBasics@16e852b]" name="login" is-config="true" duration-ms="3" started-at="2018-05-23T05:34:24Z" finished-at="2018-05-23T05:34:24Z">
          <reporter-output>
          </reporter-output>
        </test-method> <!-- login -->
        <test-method status="PASS" signature="enterURL()[pri:0, instance:com.test.TestNGBasics@16e852b]" name="enterURL" is-config="true" duration-ms="0" started-at="2018-05-23T05:34:24Z" finished-at="2018-05-23T05:34:24Z">
          <reporter-output>
          </reporter-output>
        </test-method> <!-- enterURL -->
        <test-method status="PASS" signature="googleLogoTest()[pri:0, instance:com.test.TestNGBasics@16e852b]" name="googleLogoTest" duration-ms="62" started-at="2018-05-23T05:34:24Z" finished-at="2018-05-23T05:34:24Z">
          <reporter-output>
          </reporter-output>
        </test-method> <!-- googleLogoTest -->
        <test-method status="PASS" signature="logOut()[pri:0, instance:com.test.TestNGBasics@16e852b]" name="logOut" is-config="true" duration-ms="16" started-at="2018-05-23T05:34:24Z" finished-at="2018-05-23T05:34:24Z">
          <reporter-output>
          </reporter-output>
        </test-method> <!-- logOut -->
        <test-method status="PASS" signature="enterURL()[pri:0, instance:com.test.TestNGBasics@16e852b]" name="enterURL" is-config="true" duration-ms="0" started-at="2018-05-23T05:34:24Z" finished-at="2018-05-23T05:34:24Z">
          <reporter-output>
          </reporter-output>
        </test-method> <!-- enterURL -->
        <test-method status="PASS" signature="googleTitleTest()[pri:0, instance:com.test.TestNGBasics@16e852b]" name="googleTitleTest" duration-ms="0" started-at="2018-05-23T05:34:24Z" finished-at="2018-05-23T05:34:24Z">
          <reporter-output>
          </reporter-output>
        </test-method> <!-- googleTitleTest -->
        <test-method status="PASS" signature="logOut()[pri:0, instance:com.test.TestNGBasics@16e852b]" name="logOut" is-config="true" duration-ms="0" started-at="2018-05-23T05:34:24Z" finished-at="2018-05-23T05:34:24Z">
          <reporter-output>
          </reporter-output>
        </test-method> <!-- logOut -->
        <test-method status="PASS" signature="enterURL()[pri:0, instance:com.test.TestNGBasics@16e852b]" name="enterURL" is-config="true" duration-ms="0" started-at="2018-05-23T05:34:24Z" finished-at="2018-05-23T05:34:24Z">
          <reporter-output>
          </reporter-output>
        </test-method> <!-- enterURL -->
        <test-method status="PASS" signature="searchTest()[pri:0, instance:com.test.TestNGBasics@16e852b]" name="searchTest" duration-ms="15" started-at="2018-05-23T05:34:24Z" finished-at="2018-05-23T05:34:24Z">
          <reporter-output>
          </reporter-output>
        </test-method> <!-- searchTest -->
        <test-method status="PASS" signature="logOut()[pri:0, instance:com.test.TestNGBasics@16e852b]" name="logOut" is-config="true" duration-ms="0" started-at="2018-05-23T05:34:24Z" finished-at="2018-05-23T05:34:24Z">
          <reporter-output>
          </reporter-output>
        </test-method> <!-- logOut -->
        <test-method status="PASS" signature="closeBrowser()[pri:0, instance:com.test.TestNGBasics@16e852b]" name="closeBrowser" is-config="true" duration-ms="16" started-at="2018-05-23T05:34:24Z" finished-at="2018-05-23T05:34:24Z">
          <reporter-output>
          </reporter-output>
        </test-method> <!-- closeBrowser -->
        <test-method status="PASS" signature="deleteAllCookies()[pri:0, instance:com.test.TestNGBasics@16e852b]" name="deleteAllCookies" is-config="true" duration-ms="0" started-at="2018-05-23T05:34:24Z" finished-at="2018-05-23T05:34:24Z">
          <reporter-output>
          </reporter-output>
        </test-method> <!-- deleteAllCookies -->
        <test-method status="PASS" signature="generateTestReport()[pri:0, instance:com.test.TestNGBasics@16e852b]" name="generateTestReport" is-config="true" duration-ms="0" started-at="2018-05-23T05:34:25Z" finished-at="2018-05-23T05:34:25Z">
          <reporter-output>
          </reporter-output>
        </test-method> <!-- generateTestReport -->
      </class> <!-- com.test.TestNGBasics -->
      <class name="com.test.InvocationCountTest">
        <test-method status="PASS" signature="sum()[pri:0, instance:com.test.InvocationCountTest@1a7504c]" name="sum" duration-ms="0" started-at="2018-05-23T05:34:24Z" finished-at="2018-05-23T05:34:24Z">
          <reporter-output>
          </reporter-output>
        </test-method> <!-- sum -->
        <test-method status="PASS" signature="sum()[pri:0, instance:com.test.InvocationCountTest@1a7504c]" name="sum" duration-ms="0" started-at="2018-05-23T05:34:24Z" finished-at="2018-05-23T05:34:24Z">
          <reporter-output>
          </reporter-output>
        </test-method> <!-- sum -->
        <test-method status="PASS" signature="sum()[pri:0, instance:com.test.InvocationCountTest@1a7504c]" name="sum" duration-ms="0" started-at="2018-05-23T05:34:24Z" finished-at="2018-05-23T05:34:24Z">
          <reporter-output>
          </reporter-output>
        </test-method> <!-- sum -->
        <test-method status="PASS" signature="sum()[pri:0, instance:com.test.InvocationCountTest@1a7504c]" name="sum" duration-ms="0" started-at="2018-05-23T05:34:24Z" finished-at="2018-05-23T05:34:24Z">
          <reporter-output>
          </reporter-output>
        </test-method> <!-- sum -->
        <test-method status="PASS" signature="sum()[pri:0, instance:com.test.InvocationCountTest@1a7504c]" name="sum" duration-ms="0" started-at="2018-05-23T05:34:24Z" finished-at="2018-05-23T05:34:24Z">
          <reporter-output>
          </reporter-output>
        </test-method> <!-- sum -->
        <test-method status="PASS" signature="sum()[pri:0, instance:com.test.InvocationCountTest@1a7504c]" name="sum" duration-ms="0" started-at="2018-05-23T05:34:24Z" finished-at="2018-05-23T05:34:24Z">
          <reporter-output>
          </reporter-output>
        </test-method> <!-- sum -->
        <test-method status="PASS" signature="sum()[pri:0, instance:com.test.InvocationCountTest@1a7504c]" name="sum" duration-ms="0" started-at="2018-05-23T05:34:24Z" finished-at="2018-05-23T05:34:24Z">
          <reporter-output>
          </reporter-output>
        </test-method> <!-- sum -->
        <test-method status="PASS" signature="sum()[pri:0, instance:com.test.InvocationCountTest@1a7504c]" name="sum" duration-ms="0" started-at="2018-05-23T05:34:24Z" finished-at="2018-05-23T05:34:24Z">
          <reporter-output>
          </reporter-output>
        </test-method> <!-- sum -->
        <test-method status="PASS" signature="sum()[pri:0, instance:com.test.InvocationCountTest@1a7504c]" name="sum" duration-ms="0" started-at="2018-05-23T05:34:24Z" finished-at="2018-05-23T05:34:24Z">
          <reporter-output>
          </reporter-output>
        </test-method> <!-- sum -->
        <test-method status="PASS" signature="sum()[pri:0, instance:com.test.InvocationCountTest@1a7504c]" name="sum" duration-ms="0" started-at="2018-05-23T05:34:24Z" finished-at="2018-05-23T05:34:24Z">
          <reporter-output>
          </reporter-output>
        </test-method> <!-- sum -->
      </class> <!-- com.test.InvocationCountTest -->
      <class name="com.test.TestNGFeatures">
        <test-method status="PASS" signature="loginTest()[pri:0, instance:com.test.TestNGFeatures@d2fa64]" name="loginTest" duration-ms="0" started-at="2018-05-23T05:34:24Z" finished-at="2018-05-23T05:34:24Z">
          <reporter-output>
          </reporter-output>
        </test-method> <!-- loginTest -->
        <test-method status="PASS" signature="HomePageTest()[pri:0, instance:com.test.TestNGFeatures@d2fa64]" name="HomePageTest" duration-ms="0" started-at="2018-05-23T05:34:24Z" depends-on-methods="com.test.TestNGFeatures.loginTest" finished-at="2018-05-23T05:34:24Z">
          <reporter-output>
          </reporter-output>
        </test-method> <!-- HomePageTest -->
        <test-method status="PASS" signature="RegPageTest()[pri:0, instance:com.test.TestNGFeatures@d2fa64]" name="RegPageTest" duration-ms="16" started-at="2018-05-23T05:34:24Z" depends-on-methods="com.test.TestNGFeatures.loginTest" finished-at="2018-05-23T05:34:24Z">
          <reporter-output>
          </reporter-output>
        </test-method> <!-- RegPageTest -->
        <test-method status="PASS" signature="SearchPageTest()[pri:0, instance:com.test.TestNGFeatures@d2fa64]" name="SearchPageTest" duration-ms="0" started-at="2018-05-23T05:34:24Z" depends-on-methods="com.test.TestNGFeatures.loginTest" finished-at="2018-05-23T05:34:24Z">
          <reporter-output>
          </reporter-output>
        </test-method> <!-- SearchPageTest -->
      </class> <!-- com.test.TestNGFeatures -->
    </test> <!-- Different TestNG feature Test -->
  </suite> <!-- TestNG Session Test Automation Suite -->
</testng-results>
